{
  "RSpec": {
    "coverage": {
      "/Users/vanessaflorio/Desktop/bookmark_manager-1/app.rb": {
        "lines": [
          1,
          1,
          1,
          null,
          1,
          1,
          0,
          0,
          0,
          null,
          null,
          1,
          1,
          null,
          null,
          1,
          5,
          5,
          null,
          null,
          1,
          2,
          2,
          null,
          null,
          1,
          null
        ]
      },
      "/Users/vanessaflorio/Desktop/bookmark_manager-1/lib/bookmark.rb": {
        "lines": [
          1,
          null,
          1,
          null,
          1,
          1,
          null,
          1,
          6,
          14,
          null,
          null,
          null,
          null,
          1,
          9,
          9,
          null,
          null,
          1,
          0,
          null,
          null,
          1,
          0,
          null,
          null,
          1,
          null,
          1,
          17,
          17,
          17,
          null,
          null,
          null,
          null
        ]
      },
      "/Users/vanessaflorio/Desktop/bookmark_manager-1/lib/database.rb": {
        "lines": [
          1,
          null,
          null,
          1,
          null,
          1,
          6,
          null,
          null,
          1,
          9,
          null,
          null,
          1,
          15,
          15,
          null,
          0,
          null,
          null,
          null
        ]
      },
      "/Users/vanessaflorio/Desktop/bookmark_manager-1/spec/bookmark_spec.rb": {
        "lines": [
          1,
          1,
          null,
          1,
          null,
          2,
          2,
          null,
          1,
          1,
          1,
          1,
          1,
          null,
          1,
          null,
          1,
          1,
          1,
          1,
          1,
          null,
          null,
          null,
          1,
          1,
          1,
          1,
          null,
          1,
          1,
          1,
          null,
          null,
          null,
          null
        ]
      },
      "/Users/vanessaflorio/Desktop/bookmark_manager-1/spec/database_helpers.rb": {
        "lines": [
          1,
          null,
          1,
          1,
          1,
          1,
          null
        ]
      },
      "/Users/vanessaflorio/Desktop/bookmark_manager-1/spec/features/save_bookmark_spec.rb": {
        "lines": [
          1,
          1,
          null,
          null,
          1,
          1,
          1,
          1,
          1,
          1,
          null,
          null,
          1,
          1,
          1,
          1,
          1,
          1,
          null,
          null
        ]
      },
      "/Users/vanessaflorio/Desktop/bookmark_manager-1/spec/features/viewing_bookmarks_spec.rb": {
        "lines": [
          1,
          1,
          1,
          1,
          null,
          null,
          null,
          1,
          1,
          1,
          null,
          null,
          1,
          1,
          1,
          null,
          1,
          null,
          1,
          1,
          1,
          1,
          1,
          1,
          null,
          null
        ]
      }
    },
    "timestamp": 1642172722
  }
}
